  Camisa.cpp
  Generando código...
  Compilando...
  Cotizacion.cpp
  Generando código...
  Compilando...
  Cotizador.cpp
  Generando código...
  Compilando...
  DesafioCotizador.cpp
F:\DesafioC\DesafioCotizador\DesafioCotizador.cpp(19,1): fatal error C1088: No se puede vaciar el archivo intermedio para compilador: 'C:\Users\JHSH\AppData\Local\Temp\_CL_4e486190in': No space left on device
  Generando código...
  Compilando...
  Pantalon.cpp
  Generando código...
  Compilando...
  Presentador.cpp
  Generando código...
  Compilando...
  Vistas.cpp
  Generando código...
